<?xml version="1.0" encoding="UTF-8"?>
<HealthData>
  <Record type="HKQuantityTypeIdentifierBodyMass" value="75.5" startDate="2024-01-01T08:00:00Z" endDate="2024-01-01T08:00:00Z" />
  <Record type="HKQuantityTypeIdentifierBodyMass" value="75.2" startDate="2024-01-02T08:00:00Z" endDate="2024-01-02T08:00:00Z" />
  <Record type="HKQuantityTypeIdentifierBodyFatPercentage" value="18.5" startDate="2024-01-01T08:00:00Z" endDate="2024-01-01T08:00:00Z" />
  <Record type="HKQuantityTypeIdentifierHeartRateVariabilitySDNN" value="65" startDate="2024-01-01T08:00:00Z" endDate="2024-01-01T08:00:00Z" />
  <Record type="HKQuantityTypeIdentifierVO2Max" value="42" startDate="2024-01-01T08:00:00Z" endDate="2024-01-01T08:00:00Z" />
</HealthData> 